{"level":"info","message":"Server running on http://localhost:4000","timestamp":"2026-04-27T06:50:18.175Z"}
{"error":"Unknown database 'lab_budget_manager'","level":"error","message":"Database initialization failed","timestamp":"2026-04-28T05:40:54.954Z"}
{"error":"Unknown database 'lab_budget_manager'","level":"error","message":"Database initialization failed","timestamp":"2026-04-28T05:41:20.338Z"}
{"level":"info","message":"Server running on http://localhost:4000","timestamp":"2026-04-28T05:41:54.278Z"}
{"level":"info","message":"Server running on http://localhost:4000","timestamp":"2026-04-28T05:50:14.963Z"}
{"durationMs":424,"ip":"::1","level":"info","message":"HTTP request","method":"POST","status":201,"timestamp":"2026-04-28T05:51:05.811Z","url":"/api/auth/signup"}
{"durationMs":359,"ip":"::1","level":"info","message":"HTTP request","method":"POST","status":200,"timestamp":"2026-04-28T05:51:54.643Z","url":"/api/auth/login"}
{"durationMs":696,"ip":"::1","level":"info","message":"HTTP request","method":"GET","status":200,"timestamp":"2026-04-28T05:51:55.664Z","url":"/api/users"}
{"durationMs":28,"ip":"::1","level":"info","message":"HTTP request","method":"GET","status":304,"timestamp":"2026-04-28T05:51:55.694Z","url":"/api/users"}
{"durationMs":168,"ip":"::1","level":"info","message":"HTTP request","method":"GET","status":304,"timestamp":"2026-04-28T05:52:11.617Z","url":"/api/users"}
{"durationMs":4,"ip":"::1","level":"info","message":"HTTP request","method":"GET","status":304,"timestamp":"2026-04-28T05:52:11.623Z","url":"/api/users"}
{"durationMs":215,"ip":"::1","level":"info","message":"HTTP request","method":"GET","status":200,"timestamp":"2026-04-28T05:52:11.667Z","url":"/api/projects"}
{"durationMs":2,"ip":"::1","level":"info","message":"HTTP request","method":"GET","status":304,"timestamp":"2026-04-28T05:52:11.672Z","url":"/api/projects"}
{"durationMs":7,"ip":"::1","level":"info","message":"HTTP request","method":"GET","status":304,"timestamp":"2026-04-28T05:52:11.694Z","url":"/api/users"}
{"durationMs":2,"ip":"::1","level":"info","message":"HTTP request","method":"GET","status":304,"timestamp":"2026-04-28T05:52:11.697Z","url":"/api/users"}
{"durationMs":35,"ip":"::1","level":"info","message":"HTTP request","method":"GET","status":304,"timestamp":"2026-04-28T05:52:13.089Z","url":"/api/users"}
{"durationMs":46,"ip":"::1","level":"info","message":"HTTP request","method":"GET","status":304,"timestamp":"2026-04-28T05:52:13.135Z","url":"/api/users"}
{"durationMs":83,"ip":"::1","level":"info","message":"HTTP request","method":"GET","status":200,"timestamp":"2026-04-28T05:52:13.138Z","url":"/api/budgets"}
{"durationMs":6,"ip":"::1","level":"info","message":"HTTP request","method":"GET","status":304,"timestamp":"2026-04-28T05:52:13.144Z","url":"/api/budgets"}
{"durationMs":91,"ip":"::1","level":"info","message":"HTTP request","method":"GET","status":200,"timestamp":"2026-04-28T05:52:13.148Z","url":"/api/line-items"}
{"durationMs":9,"ip":"::1","level":"info","message":"HTTP request","method":"GET","status":304,"timestamp":"2026-04-28T05:52:13.159Z","url":"/api/budgets"}
{"durationMs":10,"ip":"::1","level":"info","message":"HTTP request","method":"GET","status":304,"timestamp":"2026-04-28T05:52:13.160Z","url":"/api/line-items"}
{"durationMs":4,"ip":"::1","level":"info","message":"HTTP request","method":"GET","status":304,"timestamp":"2026-04-28T05:52:13.165Z","url":"/api/budgets"}
{"durationMs":11,"ip":"::1","level":"info","message":"HTTP request","method":"GET","status":304,"timestamp":"2026-04-28T05:52:14.399Z","url":"/api/users"}
{"durationMs":12,"ip":"::1","level":"info","message":"HTTP request","method":"GET","status":304,"timestamp":"2026-04-28T05:52:14.400Z","url":"/api/projects"}
{"durationMs":5,"ip":"::1","level":"info","message":"HTTP request","method":"GET","status":304,"timestamp":"2026-04-28T05:52:14.405Z","url":"/api/users"}
{"durationMs":6,"ip":"::1","level":"info","message":"HTTP request","method":"GET","status":304,"timestamp":"2026-04-28T05:52:14.407Z","url":"/api/projects"}
{"durationMs":2,"ip":"::1","level":"info","message":"HTTP request","method":"GET","status":304,"timestamp":"2026-04-28T05:52:14.416Z","url":"/api/users"}
{"durationMs":2,"ip":"::1","level":"info","message":"HTTP request","method":"GET","status":304,"timestamp":"2026-04-28T05:52:14.418Z","url":"/api/users"}
{"durationMs":32,"ip":"::1","level":"info","message":"HTTP request","method":"POST","status":201,"timestamp":"2026-04-28T05:52:46.435Z","url":"/api/projects"}
{"durationMs":4,"ip":"::1","level":"info","message":"HTTP request","method":"GET","status":200,"timestamp":"2026-04-28T05:52:46.442Z","url":"/api/projects"}
{"durationMs":6,"ip":"::1","level":"info","message":"HTTP request","method":"GET","status":200,"timestamp":"2026-04-28T05:52:46.496Z","url":"/api/users"}
{"durationMs":1,"ip":"::1","level":"info","message":"HTTP request","method":"GET","status":304,"timestamp":"2026-04-28T05:52:46.498Z","url":"/api/users"}
{"durationMs":58,"ip":"::1","level":"info","message":"HTTP request","method":"GET","status":304,"timestamp":"2026-04-28T05:53:02.059Z","url":"/api/dashboard/line-item-stats"}
{"durationMs":4,"ip":"::1","level":"info","message":"HTTP request","method":"GET","status":304,"timestamp":"2026-04-28T05:53:02.064Z","url":"/api/dashboard/line-item-stats"}
{"durationMs":80,"ip":"::1","level":"info","message":"HTTP request","method":"GET","status":304,"timestamp":"2026-04-28T05:53:02.082Z","url":"/api/users"}
{"durationMs":126,"ip":"::1","level":"info","message":"HTTP request","method":"GET","status":304,"timestamp":"2026-04-28T05:53:02.208Z","url":"/api/users"}
{"durationMs":318,"ip":"::1","level":"info","message":"HTTP request","method":"GET","status":304,"timestamp":"2026-04-28T05:53:02.320Z","url":"/api/projects"}
{"durationMs":50,"ip":"::1","level":"info","message":"HTTP request","method":"GET","status":304,"timestamp":"2026-04-28T05:53:02.371Z","url":"/api/projects"}
{"durationMs":544,"ip":"::1","level":"info","message":"HTTP request","method":"GET","status":200,"timestamp":"2026-04-28T05:53:02.547Z","url":"/api/line-items?"}
{"durationMs":3,"ip":"::1","level":"info","message":"HTTP request","method":"GET","status":304,"timestamp":"2026-04-28T05:53:02.551Z","url":"/api/line-items?"}
{"durationMs":8,"ip":"::1","level":"info","message":"HTTP request","method":"GET","status":304,"timestamp":"2026-04-28T05:53:35.936Z","url":"/api/projects"}
{"durationMs":5,"ip":"::1","level":"info","message":"HTTP request","method":"GET","status":304,"timestamp":"2026-04-28T05:53:35.942Z","url":"/api/projects"}
{"durationMs":47,"ip":"::1","level":"info","message":"HTTP request","method":"GET","status":304,"timestamp":"2026-04-28T05:53:35.971Z","url":"/api/users"}
{"durationMs":2,"ip":"::1","level":"info","message":"HTTP request","method":"GET","status":304,"timestamp":"2026-04-28T05:53:35.976Z","url":"/api/users"}
{"durationMs":1,"ip":"::1","level":"info","message":"HTTP request","method":"GET","status":304,"timestamp":"2026-04-28T05:53:35.979Z","url":"/api/users"}
{"durationMs":1,"ip":"::1","level":"info","message":"HTTP request","method":"GET","status":304,"timestamp":"2026-04-28T05:53:35.981Z","url":"/api/users"}
{"durationMs":2,"ip":"::1","level":"info","message":"HTTP request","method":"GET","status":401,"timestamp":"2026-04-28T05:53:59.707Z","url":"/api/users"}
{"durationMs":1,"ip":"::1","level":"info","message":"HTTP request","method":"GET","status":401,"timestamp":"2026-04-28T05:53:59.715Z","url":"/api/users"}
{"durationMs":48,"ip":"::1","level":"info","message":"HTTP request","method":"POST","status":401,"timestamp":"2026-04-28T05:54:19.874Z","url":"/api/auth/login"}
{"durationMs":4,"ip":"::1","level":"info","message":"HTTP request","method":"POST","status":401,"timestamp":"2026-04-28T05:54:21.542Z","url":"/api/auth/login"}
{"durationMs":4,"ip":"::1","level":"info","message":"HTTP request","method":"POST","status":401,"timestamp":"2026-04-28T05:54:34.097Z","url":"/api/auth/login"}
{"durationMs":382,"ip":"::1","level":"info","message":"HTTP request","method":"POST","status":200,"timestamp":"2026-04-28T05:54:45.847Z","url":"/api/auth/login"}
{"durationMs":66,"ip":"::1","level":"info","message":"HTTP request","method":"GET","status":304,"timestamp":"2026-04-28T05:54:46.213Z","url":"/api/users"}
{"durationMs":9,"ip":"::1","level":"info","message":"HTTP request","method":"GET","status":304,"timestamp":"2026-04-28T05:54:46.223Z","url":"/api/users"}
{"durationMs":10,"ip":"::1","level":"info","message":"HTTP request","method":"GET","status":304,"timestamp":"2026-04-28T05:54:48.709Z","url":"/api/users"}
{"durationMs":14,"ip":"::1","level":"info","message":"HTTP request","method":"GET","status":304,"timestamp":"2026-04-28T05:54:48.716Z","url":"/api/dashboard/line-item-stats"}
{"durationMs":12,"ip":"::1","level":"info","message":"HTTP request","method":"GET","status":304,"timestamp":"2026-04-28T05:54:48.728Z","url":"/api/dashboard/line-item-stats"}
{"durationMs":32,"ip":"::1","level":"info","message":"HTTP request","method":"GET","status":304,"timestamp":"2026-04-28T05:54:48.742Z","url":"/api/users"}
{"durationMs":43,"ip":"::1","level":"info","message":"HTTP request","method":"GET","status":200,"timestamp":"2026-04-28T05:54:48.746Z","url":"/api/line-items?"}
{"durationMs":43,"ip":"::1","level":"info","message":"HTTP request","method":"GET","status":200,"timestamp":"2026-04-28T05:54:48.747Z","url":"/api/projects"}
{"durationMs":3,"ip":"::1","level":"info","message":"HTTP request","method":"GET","status":304,"timestamp":"2026-04-28T05:54:48.751Z","url":"/api/line-items?"}
{"durationMs":4,"ip":"::1","level":"info","message":"HTTP request","method":"GET","status":304,"timestamp":"2026-04-28T05:54:48.752Z","url":"/api/projects"}
{"durationMs":6,"ip":"::1","level":"info","message":"HTTP request","method":"GET","status":200,"timestamp":"2026-04-28T05:55:12.342Z","url":"/api/line-items"}
{"durationMs":5,"ip":"::1","level":"info","message":"HTTP request","method":"GET","status":304,"timestamp":"2026-04-28T05:55:12.343Z","url":"/api/users"}
{"durationMs":1,"ip":"::1","level":"info","message":"HTTP request","method":"GET","status":304,"timestamp":"2026-04-28T05:55:12.345Z","url":"/api/users"}
{"durationMs":3,"ip":"::1","level":"info","message":"HTTP request","method":"GET","status":304,"timestamp":"2026-04-28T05:55:12.346Z","url":"/api/line-items"}
{"durationMs":11,"ip":"::1","level":"info","message":"HTTP request","method":"GET","status":304,"timestamp":"2026-04-28T05:55:12.349Z","url":"/api/budgets"}
{"durationMs":2,"ip":"::1","level":"info","message":"HTTP request","method":"GET","status":304,"timestamp":"2026-04-28T05:55:12.352Z","url":"/api/budgets"}
{"durationMs":5,"ip":"::1","level":"info","message":"HTTP request","method":"GET","status":304,"timestamp":"2026-04-28T05:55:12.357Z","url":"/api/budgets"}
{"durationMs":2,"ip":"::1","level":"info","message":"HTTP request","method":"GET","status":304,"timestamp":"2026-04-28T05:55:12.359Z","url":"/api/budgets"}
{"durationMs":7,"ip":"::1","level":"info","message":"HTTP request","method":"GET","status":304,"timestamp":"2026-04-28T05:55:13.232Z","url":"/api/users"}
{"durationMs":8,"ip":"::1","level":"info","message":"HTTP request","method":"GET","status":304,"timestamp":"2026-04-28T05:55:13.236Z","url":"/api/projects"}
{"durationMs":7,"ip":"::1","level":"info","message":"HTTP request","method":"GET","status":304,"timestamp":"2026-04-28T05:55:13.240Z","url":"/api/users"}
{"durationMs":3,"ip":"::1","level":"info","message":"HTTP request","method":"GET","status":304,"timestamp":"2026-04-28T05:55:13.241Z","url":"/api/projects"}
{"durationMs":2,"ip":"::1","level":"info","message":"HTTP request","method":"GET","status":304,"timestamp":"2026-04-28T05:55:13.250Z","url":"/api/users"}
{"durationMs":2,"ip":"::1","level":"info","message":"HTTP request","method":"GET","status":304,"timestamp":"2026-04-28T05:55:13.252Z","url":"/api/users"}
{"durationMs":4,"ip":"::1","level":"info","message":"HTTP request","method":"GET","status":304,"timestamp":"2026-04-28T05:55:14.132Z","url":"/api/users"}
{"durationMs":2,"ip":"::1","level":"info","message":"HTTP request","method":"GET","status":304,"timestamp":"2026-04-28T05:55:14.133Z","url":"/api/line-items?"}
{"durationMs":5,"ip":"::1","level":"info","message":"HTTP request","method":"GET","status":304,"timestamp":"2026-04-28T05:55:14.136Z","url":"/api/dashboard/line-item-stats"}
{"durationMs":1,"ip":"::1","level":"info","message":"HTTP request","method":"GET","status":304,"timestamp":"2026-04-28T05:55:14.138Z","url":"/api/dashboard/line-item-stats"}
{"durationMs":5,"ip":"::1","level":"info","message":"HTTP request","method":"GET","status":304,"timestamp":"2026-04-28T05:55:14.139Z","url":"/api/users"}
{"durationMs":4,"ip":"::1","level":"info","message":"HTTP request","method":"GET","status":304,"timestamp":"2026-04-28T05:55:14.139Z","url":"/api/line-items?"}
{"durationMs":12,"ip":"::1","level":"info","message":"HTTP request","method":"GET","status":304,"timestamp":"2026-04-28T05:55:14.142Z","url":"/api/projects"}
{"durationMs":1,"ip":"::1","level":"info","message":"HTTP request","method":"GET","status":304,"timestamp":"2026-04-28T05:55:14.144Z","url":"/api/projects"}
{"durationMs":12,"ip":"::1","level":"info","message":"HTTP request","method":"GET","status":304,"timestamp":"2026-04-28T05:55:19.206Z","url":"/api/projects"}
{"durationMs":9,"ip":"::1","level":"info","message":"HTTP request","method":"GET","status":304,"timestamp":"2026-04-28T05:55:19.207Z","url":"/api/users"}
{"durationMs":3,"ip":"::1","level":"info","message":"HTTP request","method":"GET","status":304,"timestamp":"2026-04-28T05:55:19.212Z","url":"/api/users"}
{"durationMs":5,"ip":"::1","level":"info","message":"HTTP request","method":"GET","status":304,"timestamp":"2026-04-28T05:55:19.213Z","url":"/api/projects"}
{"durationMs":2,"ip":"::1","level":"info","message":"HTTP request","method":"GET","status":304,"timestamp":"2026-04-28T05:55:19.219Z","url":"/api/users"}
{"durationMs":1,"ip":"::1","level":"info","message":"HTTP request","method":"GET","status":304,"timestamp":"2026-04-28T05:55:19.220Z","url":"/api/users"}
{"durationMs":10,"ip":"::1","level":"info","message":"HTTP request","method":"GET","status":401,"timestamp":"2026-04-28T05:55:28.912Z","url":"/api/users"}
{"durationMs":1,"ip":"::1","level":"info","message":"HTTP request","method":"GET","status":401,"timestamp":"2026-04-28T05:55:28.915Z","url":"/api/users"}
{"durationMs":298,"ip":"::1","level":"info","message":"HTTP request","method":"POST","status":200,"timestamp":"2026-04-28T05:55:47.363Z","url":"/api/auth/login"}
{"durationMs":21,"ip":"::1","level":"info","message":"HTTP request","method":"GET","status":304,"timestamp":"2026-04-28T05:55:47.479Z","url":"/api/users"}
{"durationMs":5,"ip":"::1","level":"info","message":"HTTP request","method":"GET","status":304,"timestamp":"2026-04-28T05:55:47.485Z","url":"/api/users"}
{"durationMs":13,"ip":"::1","level":"info","message":"HTTP request","method":"GET","status":304,"timestamp":"2026-04-28T05:55:48.740Z","url":"/api/users"}
{"durationMs":7,"ip":"::1","level":"info","message":"HTTP request","method":"GET","status":304,"timestamp":"2026-04-28T05:55:48.749Z","url":"/api/users"}
{"durationMs":19,"ip":"::1","level":"info","message":"HTTP request","method":"GET","status":200,"timestamp":"2026-04-28T05:55:48.753Z","url":"/api/projects"}
{"durationMs":3,"ip":"::1","level":"info","message":"HTTP request","method":"GET","status":304,"timestamp":"2026-04-28T05:55:48.757Z","url":"/api/projects"}
{"durationMs":1,"ip":"::1","level":"info","message":"HTTP request","method":"GET","status":304,"timestamp":"2026-04-28T05:55:48.764Z","url":"/api/users"}
{"durationMs":1,"ip":"::1","level":"info","message":"HTTP request","method":"GET","status":304,"timestamp":"2026-04-28T05:55:48.766Z","url":"/api/users"}
{"durationMs":11,"ip":"::1","level":"info","message":"HTTP request","method":"GET","status":304,"timestamp":"2026-04-28T05:55:52.340Z","url":"/api/users"}
{"durationMs":3,"ip":"::1","level":"info","message":"HTTP request","method":"GET","status":304,"timestamp":"2026-04-28T05:55:52.344Z","url":"/api/users"}
{"durationMs":90,"ip":"::1","level":"info","message":"HTTP request","method":"GET","status":200,"timestamp":"2026-04-28T05:55:52.420Z","url":"/api/projects/4"}
{"durationMs":9,"ip":"::1","level":"info","message":"HTTP request","method":"GET","status":304,"timestamp":"2026-04-28T05:55:52.430Z","url":"/api/projects/4"}
{"durationMs":18,"ip":"::1","level":"info","message":"HTTP request","method":"GET","status":304,"timestamp":"2026-04-28T05:55:59.083Z","url":"/api/projects"}
{"durationMs":21,"ip":"::1","level":"info","message":"HTTP request","method":"GET","status":304,"timestamp":"2026-04-28T05:55:59.084Z","url":"/api/users"}
{"durationMs":1,"ip":"::1","level":"info","message":"HTTP request","method":"GET","status":304,"timestamp":"2026-04-28T05:55:59.086Z","url":"/api/users"}
{"durationMs":2,"ip":"::1","level":"info","message":"HTTP request","method":"GET","status":304,"timestamp":"2026-04-28T05:55:59.087Z","url":"/api/projects"}
{"durationMs":2,"ip":"::1","level":"info","message":"HTTP request","method":"GET","status":304,"timestamp":"2026-04-28T05:55:59.098Z","url":"/api/users"}
{"durationMs":9,"ip":"::1","level":"info","message":"HTTP request","method":"GET","status":304,"timestamp":"2026-04-28T05:55:59.108Z","url":"/api/users"}
{"durationMs":4,"ip":"::1","level":"info","message":"HTTP request","method":"GET","status":304,"timestamp":"2026-04-28T05:55:59.975Z","url":"/api/users"}
{"durationMs":4,"ip":"::1","level":"info","message":"HTTP request","method":"GET","status":304,"timestamp":"2026-04-28T05:55:59.980Z","url":"/api/users"}
{"durationMs":9,"ip":"::1","level":"info","message":"HTTP request","method":"GET","status":304,"timestamp":"2026-04-28T05:56:02.113Z","url":"/api/projects"}
{"durationMs":9,"ip":"::1","level":"info","message":"HTTP request","method":"GET","status":304,"timestamp":"2026-04-28T05:56:02.113Z","url":"/api/users"}
{"durationMs":2,"ip":"::1","level":"info","message":"HTTP request","method":"GET","status":304,"timestamp":"2026-04-28T05:56:02.116Z","url":"/api/users"}
{"durationMs":4,"ip":"::1","level":"info","message":"HTTP request","method":"GET","status":304,"timestamp":"2026-04-28T05:56:02.118Z","url":"/api/projects"}
{"durationMs":3,"ip":"::1","level":"info","message":"HTTP request","method":"GET","status":304,"timestamp":"2026-04-28T05:56:02.127Z","url":"/api/users"}
{"durationMs":2,"ip":"::1","level":"info","message":"HTTP request","method":"GET","status":304,"timestamp":"2026-04-28T05:56:02.129Z","url":"/api/users"}
{"durationMs":15,"ip":"::1","level":"info","message":"HTTP request","method":"GET","status":304,"timestamp":"2026-04-28T05:56:04.909Z","url":"/api/projects/4"}
{"durationMs":36,"ip":"::1","level":"info","message":"HTTP request","method":"PUT","status":200,"timestamp":"2026-04-28T05:56:06.737Z","url":"/api/projects/4"}
{"durationMs":49,"ip":"::1","level":"info","message":"HTTP request","method":"GET","status":304,"timestamp":"2026-04-28T05:56:06.793Z","url":"/api/projects"}
{"durationMs":5,"ip":"::1","level":"info","message":"HTTP request","method":"GET","status":200,"timestamp":"2026-04-28T05:56:06.818Z","url":"/api/users"}
{"durationMs":1,"ip":"::1","level":"info","message":"HTTP request","method":"GET","status":304,"timestamp":"2026-04-28T05:56:06.820Z","url":"/api/users"}
{"durationMs":1,"ip":"::1","level":"info","message":"HTTP request","method":"GET","status":401,"timestamp":"2026-04-28T05:56:08.138Z","url":"/api/users"}
{"durationMs":1,"ip":"::1","level":"info","message":"HTTP request","method":"GET","status":401,"timestamp":"2026-04-28T05:56:08.140Z","url":"/api/users"}
{"durationMs":290,"ip":"::1","level":"info","message":"HTTP request","method":"POST","status":200,"timestamp":"2026-04-28T05:56:27.782Z","url":"/api/auth/login"}
{"durationMs":39,"ip":"::1","level":"info","message":"HTTP request","method":"GET","status":304,"timestamp":"2026-04-28T05:56:27.944Z","url":"/api/users"}
{"durationMs":4,"ip":"::1","level":"info","message":"HTTP request","method":"GET","status":304,"timestamp":"2026-04-28T05:56:27.949Z","url":"/api/users"}
{"durationMs":31,"ip":"::1","level":"info","message":"HTTP request","method":"GET","status":304,"timestamp":"2026-04-28T05:56:32.952Z","url":"/api/users"}
{"durationMs":32,"ip":"::1","level":"info","message":"HTTP request","method":"GET","status":304,"timestamp":"2026-04-28T05:56:32.956Z","url":"/api/dashboard/line-item-stats"}
{"durationMs":1,"ip":"::1","level":"info","message":"HTTP request","method":"GET","status":304,"timestamp":"2026-04-28T05:56:32.956Z","url":"/api/users"}
{"durationMs":6,"ip":"::1","level":"info","message":"HTTP request","method":"GET","status":304,"timestamp":"2026-04-28T05:56:32.959Z","url":"/api/line-items?"}
{"durationMs":4,"ip":"::1","level":"info","message":"HTTP request","method":"GET","status":304,"timestamp":"2026-04-28T05:56:32.959Z","url":"/api/projects"}
{"durationMs":4,"ip":"::1","level":"info","message":"HTTP request","method":"GET","status":304,"timestamp":"2026-04-28T05:56:32.961Z","url":"/api/dashboard/line-item-stats"}
{"durationMs":2,"ip":"::1","level":"info","message":"HTTP request","method":"GET","status":304,"timestamp":"2026-04-28T05:56:32.961Z","url":"/api/line-items?"}
{"durationMs":2,"ip":"::1","level":"info","message":"HTTP request","method":"GET","status":304,"timestamp":"2026-04-28T05:56:32.962Z","url":"/api/projects"}
{"durationMs":12,"ip":"::1","level":"info","message":"HTTP request","method":"POST","status":400,"timestamp":"2026-04-28T05:56:41.033Z","url":"/api/line-items"}
{"durationMs":1,"ip":"::1","level":"info","message":"HTTP request","method":"GET","status":401,"timestamp":"2026-04-28T05:56:45.261Z","url":"/api/users"}
{"durationMs":0,"ip":"::1","level":"info","message":"HTTP request","method":"GET","status":401,"timestamp":"2026-04-28T05:56:45.263Z","url":"/api/dashboard/line-item-stats"}
{"durationMs":0,"ip":"::1","level":"info","message":"HTTP request","method":"GET","status":401,"timestamp":"2026-04-28T05:56:45.264Z","url":"/api/line-items?"}
{"durationMs":284,"ip":"::1","level":"info","message":"HTTP request","method":"POST","status":200,"timestamp":"2026-04-28T05:56:53.199Z","url":"/api/auth/login"}
{"durationMs":6,"ip":"::1","level":"info","message":"HTTP request","method":"GET","status":304,"timestamp":"2026-04-28T05:56:53.281Z","url":"/api/users"}
{"durationMs":1,"ip":"::1","level":"info","message":"HTTP request","method":"GET","status":304,"timestamp":"2026-04-28T05:56:53.282Z","url":"/api/users"}
{"durationMs":4,"ip":"::1","level":"info","message":"HTTP request","method":"GET","status":304,"timestamp":"2026-04-28T05:56:55.246Z","url":"/api/users"}
{"durationMs":4,"ip":"::1","level":"info","message":"HTTP request","method":"GET","status":200,"timestamp":"2026-04-28T05:56:55.247Z","url":"/api/projects"}
{"durationMs":2,"ip":"::1","level":"info","message":"HTTP request","method":"GET","status":304,"timestamp":"2026-04-28T05:56:55.249Z","url":"/api/users"}
{"durationMs":3,"ip":"::1","level":"info","message":"HTTP request","method":"GET","status":304,"timestamp":"2026-04-28T05:56:55.251Z","url":"/api/projects"}
{"durationMs":2,"ip":"::1","level":"info","message":"HTTP request","method":"GET","status":304,"timestamp":"2026-04-28T05:56:55.261Z","url":"/api/users"}
{"durationMs":1,"ip":"::1","level":"info","message":"HTTP request","method":"GET","status":304,"timestamp":"2026-04-28T05:56:55.263Z","url":"/api/users"}
{"durationMs":4,"ip":"::1","level":"info","message":"HTTP request","method":"GET","status":200,"timestamp":"2026-04-28T05:56:57.325Z","url":"/api/projects/7"}
{"durationMs":9,"ip":"::1","level":"info","message":"HTTP request","method":"PUT","status":200,"timestamp":"2026-04-28T05:56:59.292Z","url":"/api/projects/7"}
{"durationMs":2,"ip":"::1","level":"info","message":"HTTP request","method":"GET","status":304,"timestamp":"2026-04-28T05:56:59.296Z","url":"/api/projects"}
{"durationMs":2,"ip":"::1","level":"info","message":"HTTP request","method":"GET","status":304,"timestamp":"2026-04-28T05:56:59.325Z","url":"/api/users"}
{"durationMs":1,"ip":"::1","level":"info","message":"HTTP request","method":"GET","status":304,"timestamp":"2026-04-28T05:56:59.327Z","url":"/api/users"}
{"durationMs":7,"ip":"::1","level":"info","message":"HTTP request","method":"GET","status":304,"timestamp":"2026-04-28T05:57:46.696Z","url":"/api/users"}
{"durationMs":7,"ip":"::1","level":"info","message":"HTTP request","method":"GET","status":304,"timestamp":"2026-04-28T05:57:46.705Z","url":"/api/users"}
{"durationMs":17,"ip":"::1","level":"info","message":"HTTP request","method":"GET","status":304,"timestamp":"2026-04-28T05:57:50.518Z","url":"/api/users"}
{"durationMs":15,"ip":"::1","level":"info","message":"HTTP request","method":"GET","status":304,"timestamp":"2026-04-28T05:57:50.522Z","url":"/api/projects"}
{"durationMs":6,"ip":"::1","level":"info","message":"HTTP request","method":"GET","status":304,"timestamp":"2026-04-28T05:57:50.529Z","url":"/api/users"}
{"durationMs":5,"ip":"::1","level":"info","message":"HTTP request","method":"GET","status":304,"timestamp":"2026-04-28T05:57:50.530Z","url":"/api/projects"}
{"durationMs":2,"ip":"::1","level":"info","message":"HTTP request","method":"GET","status":304,"timestamp":"2026-04-28T05:57:50.537Z","url":"/api/users"}
{"durationMs":0,"ip":"::1","level":"info","message":"HTTP request","method":"GET","status":304,"timestamp":"2026-04-28T05:57:50.538Z","url":"/api/users"}
{"durationMs":7,"ip":"::1","level":"info","message":"HTTP request","method":"GET","status":304,"timestamp":"2026-04-28T05:57:51.170Z","url":"/api/users"}
{"durationMs":4,"ip":"::1","level":"info","message":"HTTP request","method":"GET","status":200,"timestamp":"2026-04-28T05:57:51.172Z","url":"/api/line-items"}
{"durationMs":2,"ip":"::1","level":"info","message":"HTTP request","method":"GET","status":304,"timestamp":"2026-04-28T05:57:51.173Z","url":"/api/users"}
{"durationMs":5,"ip":"::1","level":"info","message":"HTTP request","method":"GET","status":304,"timestamp":"2026-04-28T05:57:51.179Z","url":"/api/line-items"}
{"durationMs":13,"ip":"::1","level":"info","message":"HTTP request","method":"GET","status":200,"timestamp":"2026-04-28T05:57:51.181Z","url":"/api/budgets"}
{"durationMs":20,"ip":"::1","level":"info","message":"HTTP request","method":"GET","status":304,"timestamp":"2026-04-28T05:57:51.201Z","url":"/api/budgets"}
{"durationMs":24,"ip":"::1","level":"info","message":"HTTP request","method":"GET","status":304,"timestamp":"2026-04-28T05:57:51.236Z","url":"/api/budgets"}
{"durationMs":9,"ip":"::1","level":"info","message":"HTTP request","method":"GET","status":304,"timestamp":"2026-04-28T05:57:51.247Z","url":"/api/budgets"}
{"durationMs":2,"ip":"::1","level":"info","message":"HTTP request","method":"GET","status":401,"timestamp":"2026-04-28T05:58:14.085Z","url":"/api/budgets"}
{"durationMs":1,"ip":"::1","level":"info","message":"HTTP request","method":"GET","status":401,"timestamp":"2026-04-28T05:58:14.087Z","url":"/api/budgets"}
{"durationMs":0,"ip":"::1","level":"info","message":"HTTP request","method":"GET","status":401,"timestamp":"2026-04-28T05:58:14.090Z","url":"/api/users"}
{"durationMs":0,"ip":"::1","level":"info","message":"HTTP request","method":"GET","status":401,"timestamp":"2026-04-28T05:58:14.091Z","url":"/api/line-items"}
{"durationMs":294,"ip":"::1","level":"info","message":"HTTP request","method":"POST","status":200,"timestamp":"2026-04-28T05:58:20.979Z","url":"/api/auth/login"}
{"durationMs":6,"ip":"::1","level":"info","message":"HTTP request","method":"GET","status":304,"timestamp":"2026-04-28T05:58:21.047Z","url":"/api/users"}
{"durationMs":5,"ip":"::1","level":"info","message":"HTTP request","method":"GET","status":304,"timestamp":"2026-04-28T05:58:21.055Z","url":"/api/users"}
{"durationMs":4,"ip":"::1","level":"info","message":"HTTP request","method":"GET","status":304,"timestamp":"2026-04-28T05:58:22.573Z","url":"/api/users"}
{"durationMs":10,"ip":"::1","level":"info","message":"HTTP request","method":"GET","status":304,"timestamp":"2026-04-28T05:58:22.582Z","url":"/api/line-items?"}
{"durationMs":15,"ip":"::1","level":"info","message":"HTTP request","method":"GET","status":200,"timestamp":"2026-04-28T05:58:22.591Z","url":"/api/projects"}
{"durationMs":19,"ip":"::1","level":"info","message":"HTTP request","method":"GET","status":304,"timestamp":"2026-04-28T05:58:22.595Z","url":"/api/users"}
{"durationMs":2,"ip":"::1","level":"info","message":"HTTP request","method":"GET","status":304,"timestamp":"2026-04-28T05:58:22.596Z","url":"/api/line-items?"}
{"durationMs":26,"ip":"::1","level":"info","message":"HTTP request","method":"GET","status":304,"timestamp":"2026-04-28T05:58:22.597Z","url":"/api/dashboard/line-item-stats"}
{"durationMs":2,"ip":"::1","level":"info","message":"HTTP request","method":"GET","status":304,"timestamp":"2026-04-28T05:58:22.598Z","url":"/api/projects"}
{"durationMs":2,"ip":"::1","level":"info","message":"HTTP request","method":"GET","status":304,"timestamp":"2026-04-28T05:58:22.600Z","url":"/api/dashboard/line-item-stats"}
{"durationMs":11,"ip":"::1","level":"info","message":"HTTP request","method":"POST","status":400,"timestamp":"2026-04-28T05:58:36.131Z","url":"/api/line-items"}
{"durationMs":19,"ip":"::1","level":"info","message":"HTTP request","method":"POST","status":201,"timestamp":"2026-04-28T05:58:38.898Z","url":"/api/line-items"}
{"durationMs":3,"ip":"::1","level":"info","message":"HTTP request","method":"GET","status":200,"timestamp":"2026-04-28T05:58:38.962Z","url":"/api/line-items?"}
{"durationMs":13,"ip":"::1","level":"info","message":"HTTP request","method":"POST","status":201,"timestamp":"2026-04-28T05:58:46.180Z","url":"/api/line-items"}
{"durationMs":3,"ip":"::1","level":"info","message":"HTTP request","method":"GET","status":200,"timestamp":"2026-04-28T05:58:46.231Z","url":"/api/line-items?"}
{"durationMs":0,"ip":"::1","level":"info","message":"HTTP request","method":"GET","status":401,"timestamp":"2026-04-28T05:58:48.955Z","url":"/api/users"}
{"durationMs":2,"ip":"::1","level":"info","message":"HTTP request","method":"GET","status":401,"timestamp":"2026-04-28T05:58:48.965Z","url":"/api/dashboard/line-item-stats"}
{"durationMs":1,"ip":"::1","level":"info","message":"HTTP request","method":"GET","status":401,"timestamp":"2026-04-28T05:58:48.971Z","url":"/api/line-items?"}
{"durationMs":286,"ip":"::1","level":"info","message":"HTTP request","method":"POST","status":200,"timestamp":"2026-04-28T05:58:56.624Z","url":"/api/auth/login"}
{"durationMs":12,"ip":"::1","level":"info","message":"HTTP request","method":"GET","status":304,"timestamp":"2026-04-28T05:58:56.736Z","url":"/api/users"}
{"durationMs":5,"ip":"::1","level":"info","message":"HTTP request","method":"GET","status":304,"timestamp":"2026-04-28T05:58:56.742Z","url":"/api/users"}
{"durationMs":11,"ip":"::1","level":"info","message":"HTTP request","method":"GET","status":200,"timestamp":"2026-04-28T05:59:02.079Z","url":"/api/projects"}
{"durationMs":17,"ip":"::1","level":"info","message":"HTTP request","method":"GET","status":200,"timestamp":"2026-04-28T05:59:02.080Z","url":"/api/dashboard/line-item-stats"}
{"durationMs":24,"ip":"::1","level":"info","message":"HTTP request","method":"GET","status":304,"timestamp":"2026-04-28T05:59:02.081Z","url":"/api/users"}
{"durationMs":18,"ip":"::1","level":"info","message":"HTTP request","method":"GET","status":200,"timestamp":"2026-04-28T05:59:02.084Z","url":"/api/line-items?"}
{"durationMs":3,"ip":"::1","level":"info","message":"HTTP request","method":"GET","status":304,"timestamp":"2026-04-28T05:59:02.085Z","url":"/api/projects"}
{"durationMs":3,"ip":"::1","level":"info","message":"HTTP request","method":"GET","status":304,"timestamp":"2026-04-28T05:59:02.086Z","url":"/api/users"}
{"durationMs":5,"ip":"::1","level":"info","message":"HTTP request","method":"GET","status":304,"timestamp":"2026-04-28T05:59:02.087Z","url":"/api/dashboard/line-item-stats"}
{"durationMs":3,"ip":"::1","level":"info","message":"HTTP request","method":"GET","status":304,"timestamp":"2026-04-28T05:59:02.088Z","url":"/api/line-items?"}
{"durationMs":3,"ip":"::1","level":"info","message":"HTTP request","method":"GET","status":200,"timestamp":"2026-04-28T05:59:08.679Z","url":"/api/line-items"}
{"durationMs":3,"ip":"::1","level":"info","message":"HTTP request","method":"GET","status":304,"timestamp":"2026-04-28T05:59:08.680Z","url":"/api/users"}
{"durationMs":2,"ip":"::1","level":"info","message":"HTTP request","method":"GET","status":200,"timestamp":"2026-04-28T05:59:08.680Z","url":"/api/budgets"}
{"durationMs":2,"ip":"::1","level":"info","message":"HTTP request","method":"GET","status":304,"timestamp":"2026-04-28T05:59:08.683Z","url":"/api/line-items"}
{"durationMs":2,"ip":"::1","level":"info","message":"HTTP request","method":"GET","status":304,"timestamp":"2026-04-28T05:59:08.684Z","url":"/api/users"}
{"durationMs":3,"ip":"::1","level":"info","message":"HTTP request","method":"GET","status":304,"timestamp":"2026-04-28T05:59:08.685Z","url":"/api/budgets"}
{"durationMs":1,"ip":"::1","level":"info","message":"HTTP request","method":"GET","status":304,"timestamp":"2026-04-28T05:59:08.686Z","url":"/api/budgets"}
{"durationMs":0,"ip":"::1","level":"info","message":"HTTP request","method":"GET","status":304,"timestamp":"2026-04-28T05:59:08.687Z","url":"/api/budgets"}
{"durationMs":7,"ip":"::1","level":"info","message":"HTTP request","method":"GET","status":304,"timestamp":"2026-04-28T05:59:09.795Z","url":"/api/users"}
{"durationMs":6,"ip":"::1","level":"info","message":"HTTP request","method":"GET","status":304,"timestamp":"2026-04-28T05:59:09.796Z","url":"/api/projects"}
{"durationMs":5,"ip":"::1","level":"info","message":"HTTP request","method":"GET","status":304,"timestamp":"2026-04-28T05:59:09.797Z","url":"/api/line-items?"}
{"durationMs":8,"ip":"::1","level":"info","message":"HTTP request","method":"GET","status":304,"timestamp":"2026-04-28T05:59:09.798Z","url":"/api/dashboard/line-item-stats"}
{"durationMs":4,"ip":"::1","level":"info","message":"HTTP request","method":"GET","status":304,"timestamp":"2026-04-28T05:59:09.801Z","url":"/api/users"}
{"durationMs":2,"ip":"::1","level":"info","message":"HTTP request","method":"GET","status":304,"timestamp":"2026-04-28T05:59:09.801Z","url":"/api/line-items?"}
{"durationMs":5,"ip":"::1","level":"info","message":"HTTP request","method":"GET","status":304,"timestamp":"2026-04-28T05:59:09.802Z","url":"/api/projects"}
{"durationMs":4,"ip":"::1","level":"info","message":"HTTP request","method":"GET","status":304,"timestamp":"2026-04-28T05:59:09.803Z","url":"/api/dashboard/line-item-stats"}
{"durationMs":15,"ip":"::1","level":"info","message":"HTTP request","method":"GET","status":304,"timestamp":"2026-04-28T05:59:12.345Z","url":"/api/users"}
{"durationMs":17,"ip":"::1","level":"info","message":"HTTP request","method":"GET","status":304,"timestamp":"2026-04-28T05:59:12.350Z","url":"/api/projects"}
{"durationMs":9,"ip":"::1","level":"info","message":"HTTP request","method":"GET","status":304,"timestamp":"2026-04-28T05:59:12.362Z","url":"/api/users"}
{"durationMs":10,"ip":"::1","level":"info","message":"HTTP request","method":"GET","status":304,"timestamp":"2026-04-28T05:59:12.366Z","url":"/api/projects"}
{"durationMs":4,"ip":"::1","level":"info","message":"HTTP request","method":"GET","status":304,"timestamp":"2026-04-28T05:59:12.372Z","url":"/api/users"}
{"durationMs":3,"ip":"::1","level":"info","message":"HTTP request","method":"GET","status":304,"timestamp":"2026-04-28T05:59:12.376Z","url":"/api/users"}
{"durationMs":1,"ip":"::1","level":"info","message":"HTTP request","method":"GET","status":401,"timestamp":"2026-04-28T05:59:14.599Z","url":"/api/users"}
{"durationMs":1,"ip":"::1","level":"info","message":"HTTP request","method":"GET","status":401,"timestamp":"2026-04-28T05:59:14.601Z","url":"/api/users"}
{"durationMs":297,"ip":"::1","level":"info","message":"HTTP request","method":"POST","status":200,"timestamp":"2026-04-28T05:59:21.905Z","url":"/api/auth/login"}
{"durationMs":11,"ip":"::1","level":"info","message":"HTTP request","method":"GET","status":304,"timestamp":"2026-04-28T05:59:22.031Z","url":"/api/users"}
{"durationMs":2,"ip":"::1","level":"info","message":"HTTP request","method":"GET","status":304,"timestamp":"2026-04-28T05:59:22.034Z","url":"/api/users"}
{"durationMs":4,"ip":"::1","level":"info","message":"HTTP request","method":"GET","status":304,"timestamp":"2026-04-28T05:59:23.134Z","url":"/api/users"}
{"durationMs":3,"ip":"::1","level":"info","message":"HTTP request","method":"GET","status":200,"timestamp":"2026-04-28T05:59:23.136Z","url":"/api/line-items?"}
{"durationMs":2,"ip":"::1","level":"info","message":"HTTP request","method":"GET","status":304,"timestamp":"2026-04-28T05:59:23.138Z","url":"/api/users"}
{"durationMs":5,"ip":"::1","level":"info","message":"HTTP request","method":"GET","status":304,"timestamp":"2026-04-28T05:59:23.138Z","url":"/api/dashboard/line-item-stats"}
{"durationMs":3,"ip":"::1","level":"info","message":"HTTP request","method":"GET","status":304,"timestamp":"2026-04-28T05:59:23.140Z","url":"/api/line-items?"}
{"durationMs":13,"ip":"::1","level":"info","message":"HTTP request","method":"GET","status":304,"timestamp":"2026-04-28T05:59:23.153Z","url":"/api/dashboard/line-item-stats"}
{"durationMs":19,"ip":"::1","level":"info","message":"HTTP request","method":"GET","status":200,"timestamp":"2026-04-28T05:59:23.154Z","url":"/api/projects"}
{"durationMs":1,"ip":"::1","level":"info","message":"HTTP request","method":"GET","status":304,"timestamp":"2026-04-28T05:59:23.156Z","url":"/api/projects"}
{"durationMs":150,"ip":"::1","level":"info","message":"HTTP request","method":"PUT","status":200,"timestamp":"2026-04-28T06:00:47.289Z","url":"/api/line-items/12"}
{"durationMs":11,"ip":"::1","level":"info","message":"HTTP request","method":"GET","status":200,"timestamp":"2026-04-28T06:00:47.354Z","url":"/api/line-items?"}
{"durationMs":69,"ip":"::1","level":"info","message":"HTTP request","method":"PUT","status":200,"timestamp":"2026-04-28T06:00:53.912Z","url":"/api/line-items/11"}
{"durationMs":45,"ip":"::1","level":"info","message":"HTTP request","method":"GET","status":200,"timestamp":"2026-04-28T06:00:54.017Z","url":"/api/line-items?"}
{"durationMs":31,"ip":"::1","level":"info","message":"HTTP request","method":"GET","status":401,"timestamp":"2026-04-28T06:01:16.886Z","url":"/api/dashboard/line-item-stats"}
{"durationMs":1,"ip":"::1","level":"info","message":"HTTP request","method":"GET","status":401,"timestamp":"2026-04-28T06:01:16.894Z","url":"/api/users"}
{"durationMs":1,"ip":"::1","level":"info","message":"HTTP request","method":"GET","status":401,"timestamp":"2026-04-28T06:01:16.899Z","url":"/api/line-items?"}
{"durationMs":2445,"ip":"::1","level":"info","message":"HTTP request","method":"POST","status":200,"timestamp":"2026-04-28T06:01:28.141Z","url":"/api/auth/login"}
{"durationMs":734,"ip":"::1","level":"info","message":"HTTP request","method":"POST","status":200,"timestamp":"2026-04-28T06:01:28.163Z","url":"/api/auth/login"}
{"durationMs":4177,"ip":"::1","level":"info","message":"HTTP request","method":"POST","status":200,"timestamp":"2026-04-28T06:01:28.165Z","url":"/api/auth/login"}
{"durationMs":402,"ip":"::1","level":"info","message":"HTTP request","method":"GET","status":304,"timestamp":"2026-04-28T06:01:28.921Z","url":"/api/users"}
{"durationMs":5,"ip":"::1","level":"info","message":"HTTP request","method":"GET","status":304,"timestamp":"2026-04-28T06:01:28.928Z","url":"/api/users"}
{"durationMs":132,"ip":"::1","level":"info","message":"HTTP request","method":"GET","status":304,"timestamp":"2026-04-28T06:01:30.075Z","url":"/api/users"}
{"durationMs":133,"ip":"::1","level":"info","message":"HTTP request","method":"GET","status":200,"timestamp":"2026-04-28T06:01:30.077Z","url":"/api/dashboard/line-item-stats"}
{"durationMs":4,"ip":"::1","level":"info","message":"HTTP request","method":"GET","status":304,"timestamp":"2026-04-28T06:01:30.080Z","url":"/api/users"}
{"durationMs":5,"ip":"::1","level":"info","message":"HTTP request","method":"GET","status":304,"timestamp":"2026-04-28T06:01:30.083Z","url":"/api/dashboard/line-item-stats"}
{"durationMs":167,"ip":"::1","level":"info","message":"HTTP request","method":"GET","status":200,"timestamp":"2026-04-28T06:01:30.115Z","url":"/api/line-items?"}
{"durationMs":1,"ip":"::1","level":"info","message":"HTTP request","method":"GET","status":304,"timestamp":"2026-04-28T06:01:30.117Z","url":"/api/line-items?"}
{"durationMs":840,"ip":"::1","level":"info","message":"HTTP request","method":"GET","status":200,"timestamp":"2026-04-28T06:01:30.790Z","url":"/api/projects"}
{"durationMs":5,"ip":"::1","level":"info","message":"HTTP request","method":"GET","status":304,"timestamp":"2026-04-28T06:01:30.796Z","url":"/api/projects"}
{"durationMs":28,"ip":"::1","level":"info","message":"HTTP request","method":"GET","status":304,"timestamp":"2026-04-28T06:01:32.215Z","url":"/api/users"}
{"durationMs":2,"ip":"::1","level":"info","message":"HTTP request","method":"GET","status":200,"timestamp":"2026-04-28T06:01:32.218Z","url":"/api/line-items"}
{"durationMs":1,"ip":"::1","level":"info","message":"HTTP request","method":"GET","status":304,"timestamp":"2026-04-28T06:01:32.218Z","url":"/api/users"}
{"durationMs":2,"ip":"::1","level":"info","message":"HTTP request","method":"GET","status":304,"timestamp":"2026-04-28T06:01:32.221Z","url":"/api/line-items"}
{"durationMs":14,"ip":"::1","level":"info","message":"HTTP request","method":"GET","status":200,"timestamp":"2026-04-28T06:01:32.227Z","url":"/api/budgets"}
{"durationMs":1,"ip":"::1","level":"info","message":"HTTP request","method":"GET","status":304,"timestamp":"2026-04-28T06:01:32.228Z","url":"/api/budgets"}
{"durationMs":1,"ip":"::1","level":"info","message":"HTTP request","method":"GET","status":304,"timestamp":"2026-04-28T06:01:32.230Z","url":"/api/budgets"}
{"durationMs":5,"ip":"::1","level":"info","message":"HTTP request","method":"GET","status":304,"timestamp":"2026-04-28T06:01:32.235Z","url":"/api/budgets"}
{"durationMs":25,"ip":"::1","level":"info","message":"HTTP request","method":"GET","status":304,"timestamp":"2026-04-28T06:01:35.529Z","url":"/api/dashboard/line-item-stats"}
{"durationMs":29,"ip":"::1","level":"info","message":"HTTP request","method":"GET","status":304,"timestamp":"2026-04-28T06:01:35.532Z","url":"/api/projects"}
{"durationMs":5,"ip":"::1","level":"info","message":"HTTP request","method":"GET","status":304,"timestamp":"2026-04-28T06:01:35.539Z","url":"/api/projects"}
{"durationMs":8,"ip":"::1","level":"info","message":"HTTP request","method":"GET","status":304,"timestamp":"2026-04-28T06:01:35.541Z","url":"/api/dashboard/line-item-stats"}
{"durationMs":91,"ip":"::1","level":"info","message":"HTTP request","method":"GET","status":304,"timestamp":"2026-04-28T06:01:35.591Z","url":"/api/users"}
{"durationMs":3,"ip":"::1","level":"info","message":"HTTP request","method":"GET","status":304,"timestamp":"2026-04-28T06:01:35.594Z","url":"/api/users"}
{"durationMs":123,"ip":"::1","level":"info","message":"HTTP request","method":"GET","status":304,"timestamp":"2026-04-28T06:01:35.631Z","url":"/api/line-items?"}
{"durationMs":1,"ip":"::1","level":"info","message":"HTTP request","method":"GET","status":304,"timestamp":"2026-04-28T06:01:35.633Z","url":"/api/line-items?"}
{"durationMs":2571,"ip":"::1","level":"info","message":"HTTP request","method":"POST","status":201,"timestamp":"2026-04-28T06:01:46.813Z","url":"/api/line-items"}
{"durationMs":141,"ip":"::1","level":"info","message":"HTTP request","method":"GET","status":200,"timestamp":"2026-04-28T06:01:47.019Z","url":"/api/line-items?"}
{"durationMs":3,"ip":"::1","level":"info","message":"HTTP request","method":"GET","status":401,"timestamp":"2026-04-28T06:01:48.077Z","url":"/api/users"}
{"durationMs":0,"ip":"::1","level":"info","message":"HTTP request","method":"GET","status":401,"timestamp":"2026-04-28T06:01:48.081Z","url":"/api/dashboard/line-item-stats"}
{"durationMs":8,"ip":"::1","level":"info","message":"HTTP request","method":"GET","status":401,"timestamp":"2026-04-28T06:01:48.090Z","url":"/api/line-items?"}
{"durationMs":329,"ip":"::1","level":"info","message":"HTTP request","method":"POST","status":200,"timestamp":"2026-04-28T06:01:53.748Z","url":"/api/auth/login"}
{"durationMs":23,"ip":"::1","level":"info","message":"HTTP request","method":"GET","status":304,"timestamp":"2026-04-28T06:01:53.875Z","url":"/api/users"}
{"durationMs":3,"ip":"::1","level":"info","message":"HTTP request","method":"GET","status":304,"timestamp":"2026-04-28T06:01:53.879Z","url":"/api/users"}
{"durationMs":9,"ip":"::1","level":"info","message":"HTTP request","method":"GET","status":304,"timestamp":"2026-04-28T06:01:54.912Z","url":"/api/users"}
{"durationMs":22,"ip":"::1","level":"info","message":"HTTP request","method":"GET","status":200,"timestamp":"2026-04-28T06:01:54.932Z","url":"/api/line-items?"}
{"durationMs":22,"ip":"::1","level":"info","message":"HTTP request","method":"GET","status":304,"timestamp":"2026-04-28T06:01:54.938Z","url":"/api/users"}
{"durationMs":4,"ip":"::1","level":"info","message":"HTTP request","method":"GET","status":304,"timestamp":"2026-04-28T06:01:54.939Z","url":"/api/line-items?"}
{"durationMs":52,"ip":"::1","level":"info","message":"HTTP request","method":"GET","status":200,"timestamp":"2026-04-28T06:01:54.957Z","url":"/api/dashboard/line-item-stats"}
{"durationMs":3,"ip":"::1","level":"info","message":"HTTP request","method":"GET","status":304,"timestamp":"2026-04-28T06:01:54.961Z","url":"/api/dashboard/line-item-stats"}
{"durationMs":68,"ip":"::1","level":"info","message":"HTTP request","method":"GET","status":200,"timestamp":"2026-04-28T06:01:54.979Z","url":"/api/projects"}
{"durationMs":2,"ip":"::1","level":"info","message":"HTTP request","method":"GET","status":304,"timestamp":"2026-04-28T06:01:54.981Z","url":"/api/projects"}
{"durationMs":23,"ip":"::1","level":"info","message":"HTTP request","method":"PUT","status":200,"timestamp":"2026-04-28T06:02:00.138Z","url":"/api/line-items/13"}
{"durationMs":2,"ip":"::1","level":"info","message":"HTTP request","method":"GET","status":200,"timestamp":"2026-04-28T06:02:00.184Z","url":"/api/line-items?"}
{"durationMs":9,"ip":"::1","level":"info","message":"HTTP request","method":"GET","status":200,"timestamp":"2026-04-28T06:02:12.659Z","url":"/api/line-items"}
{"durationMs":14,"ip":"::1","level":"info","message":"HTTP request","method":"GET","status":304,"timestamp":"2026-04-28T06:02:12.662Z","url":"/api/users"}
{"durationMs":12,"ip":"::1","level":"info","message":"HTTP request","method":"GET","status":200,"timestamp":"2026-04-28T06:02:12.662Z","url":"/api/budgets"}
{"durationMs":2,"ip":"::1","level":"info","message":"HTTP request","method":"GET","status":304,"timestamp":"2026-04-28T06:02:12.665Z","url":"/api/line-items"}
{"durationMs":1,"ip":"::1","level":"info","message":"HTTP request","method":"GET","status":304,"timestamp":"2026-04-28T06:02:12.665Z","url":"/api/users"}
{"durationMs":2,"ip":"::1","level":"info","message":"HTTP request","method":"GET","status":304,"timestamp":"2026-04-28T06:02:12.666Z","url":"/api/budgets"}
{"durationMs":2,"ip":"::1","level":"info","message":"HTTP request","method":"GET","status":304,"timestamp":"2026-04-28T06:02:12.669Z","url":"/api/budgets"}
{"durationMs":1,"ip":"::1","level":"info","message":"HTTP request","method":"GET","status":304,"timestamp":"2026-04-28T06:02:12.670Z","url":"/api/budgets"}
{"durationMs":12,"ip":"::1","level":"info","message":"HTTP request","method":"GET","status":304,"timestamp":"2026-04-28T06:02:16.929Z","url":"/api/users"}
{"durationMs":7,"ip":"::1","level":"info","message":"HTTP request","method":"GET","status":304,"timestamp":"2026-04-28T06:02:16.933Z","url":"/api/line-items?"}
{"durationMs":11,"ip":"::1","level":"info","message":"HTTP request","method":"GET","status":200,"timestamp":"2026-04-28T06:02:16.935Z","url":"/api/dashboard/line-item-stats"}
{"durationMs":17,"ip":"::1","level":"info","message":"HTTP request","method":"GET","status":304,"timestamp":"2026-04-28T06:02:16.942Z","url":"/api/projects"}
{"durationMs":15,"ip":"::1","level":"info","message":"HTTP request","method":"GET","status":304,"timestamp":"2026-04-28T06:02:16.946Z","url":"/api/users"}
{"durationMs":16,"ip":"::1","level":"info","message":"HTTP request","method":"GET","status":304,"timestamp":"2026-04-28T06:02:16.955Z","url":"/api/line-items?"}
{"durationMs":3,"ip":"::1","level":"info","message":"HTTP request","method":"GET","status":304,"timestamp":"2026-04-28T06:02:16.956Z","url":"/api/projects"}
{"durationMs":7,"ip":"::1","level":"info","message":"HTTP request","method":"GET","status":304,"timestamp":"2026-04-28T06:02:16.960Z","url":"/api/dashboard/line-item-stats"}
{"durationMs":16,"ip":"::1","level":"info","message":"HTTP request","method":"DELETE","status":200,"timestamp":"2026-04-28T06:02:24.411Z","url":"/api/line-items/13"}
{"durationMs":3,"ip":"::1","level":"info","message":"HTTP request","method":"GET","status":200,"timestamp":"2026-04-28T06:02:24.448Z","url":"/api/line-items?"}
{"durationMs":1,"ip":"::1","level":"info","message":"HTTP request","method":"GET","status":401,"timestamp":"2026-04-28T06:02:25.843Z","url":"/api/users"}
{"durationMs":1,"ip":"::1","level":"info","message":"HTTP request","method":"GET","status":401,"timestamp":"2026-04-28T06:02:25.845Z","url":"/api/dashboard/line-item-stats"}
{"durationMs":1,"ip":"::1","level":"info","message":"HTTP request","method":"GET","status":401,"timestamp":"2026-04-28T06:02:25.846Z","url":"/api/line-items?"}
{"durationMs":289,"ip":"::1","level":"info","message":"HTTP request","method":"POST","status":200,"timestamp":"2026-04-28T06:02:32.339Z","url":"/api/auth/login"}
{"durationMs":3,"ip":"::1","level":"info","message":"HTTP request","method":"GET","status":304,"timestamp":"2026-04-28T06:02:32.424Z","url":"/api/users"}
{"durationMs":19,"ip":"::1","level":"info","message":"HTTP request","method":"GET","status":304,"timestamp":"2026-04-28T06:02:32.443Z","url":"/api/users"}
{"durationMs":27,"ip":"::1","level":"info","message":"HTTP request","method":"GET","status":304,"timestamp":"2026-04-28T06:02:39.862Z","url":"/api/users"}
{"durationMs":24,"ip":"::1","level":"info","message":"HTTP request","method":"GET","status":200,"timestamp":"2026-04-28T06:02:39.866Z","url":"/api/line-items?"}
{"durationMs":27,"ip":"::1","level":"info","message":"HTTP request","method":"GET","status":200,"timestamp":"2026-04-28T06:02:39.867Z","url":"/api/projects"}
{"durationMs":4,"ip":"::1","level":"info","message":"HTTP request","method":"GET","status":304,"timestamp":"2026-04-28T06:02:39.868Z","url":"/api/users"}
{"durationMs":30,"ip":"::1","level":"info","message":"HTTP request","method":"GET","status":200,"timestamp":"2026-04-28T06:02:39.869Z","url":"/api/dashboard/line-item-stats"}
{"durationMs":3,"ip":"::1","level":"info","message":"HTTP request","method":"GET","status":304,"timestamp":"2026-04-28T06:02:39.871Z","url":"/api/line-items?"}
{"durationMs":3,"ip":"::1","level":"info","message":"HTTP request","method":"GET","status":304,"timestamp":"2026-04-28T06:02:39.872Z","url":"/api/projects"}
{"durationMs":2,"ip":"::1","level":"info","message":"HTTP request","method":"GET","status":304,"timestamp":"2026-04-28T06:02:39.872Z","url":"/api/dashboard/line-item-stats"}
{"durationMs":10,"ip":"::1","level":"info","message":"HTTP request","method":"PUT","status":200,"timestamp":"2026-04-28T06:02:47.945Z","url":"/api/line-items/11"}
{"durationMs":5,"ip":"::1","level":"info","message":"HTTP request","method":"GET","status":200,"timestamp":"2026-04-28T06:02:48.000Z","url":"/api/line-items?"}
{"durationMs":18,"ip":"::1","level":"info","message":"HTTP request","method":"DELETE","status":200,"timestamp":"2026-04-28T06:03:49.221Z","url":"/api/line-items/12"}
{"durationMs":2,"ip":"::1","level":"info","message":"HTTP request","method":"GET","status":200,"timestamp":"2026-04-28T06:03:49.299Z","url":"/api/line-items?"}
{"durationMs":232,"ip":"::1","level":"info","message":"HTTP request","method":"GET","status":304,"timestamp":"2026-04-28T06:04:55.350Z","url":"/api/users"}
{"durationMs":234,"ip":"::1","level":"info","message":"HTTP request","method":"GET","status":200,"timestamp":"2026-04-28T06:04:55.355Z","url":"/api/projects"}
{"durationMs":276,"ip":"::1","level":"info","message":"HTTP request","method":"GET","status":200,"timestamp":"2026-04-28T06:04:55.399Z","url":"/api/budgets"}
{"durationMs":7,"ip":"::1","level":"info","message":"HTTP request","method":"GET","status":304,"timestamp":"2026-04-28T06:05:11.999Z","url":"/api/users"}
{"durationMs":2,"ip":"::1","level":"info","message":"HTTP request","method":"GET","status":304,"timestamp":"2026-04-28T06:05:12.002Z","url":"/api/users"}
{"durationMs":241,"ip":"::1","level":"info","message":"HTTP request","method":"GET","status":200,"timestamp":"2026-04-28T06:05:12.235Z","url":"/api/projects/6"}
{"durationMs":3,"ip":"::1","level":"info","message":"HTTP request","method":"GET","status":304,"timestamp":"2026-04-28T06:05:12.239Z","url":"/api/projects/6"}
{"durationMs":20,"ip":"::1","level":"info","message":"HTTP request","method":"GET","status":304,"timestamp":"2026-04-28T06:07:54.079Z","url":"/api/users"}
{"durationMs":1,"ip":"::1","level":"info","message":"HTTP request","method":"GET","status":304,"timestamp":"2026-04-28T06:07:54.081Z","url":"/api/users"}
{"durationMs":30,"ip":"::1","level":"info","message":"HTTP request","method":"GET","status":304,"timestamp":"2026-04-28T06:08:23.023Z","url":"/api/users"}
{"durationMs":6,"ip":"::1","level":"info","message":"HTTP request","method":"GET","status":304,"timestamp":"2026-04-28T06:08:23.025Z","url":"/api/line-items?"}
{"durationMs":10,"ip":"::1","level":"info","message":"HTTP request","method":"GET","status":200,"timestamp":"2026-04-28T06:08:23.027Z","url":"/api/dashboard/line-item-stats"}
{"durationMs":2,"ip":"::1","level":"info","message":"HTTP request","method":"GET","status":304,"timestamp":"2026-04-28T06:08:23.028Z","url":"/api/users"}
{"durationMs":3,"ip":"::1","level":"info","message":"HTTP request","method":"GET","status":304,"timestamp":"2026-04-28T06:08:23.030Z","url":"/api/dashboard/line-item-stats"}
{"durationMs":12,"ip":"::1","level":"info","message":"HTTP request","method":"GET","status":304,"timestamp":"2026-04-28T06:08:23.038Z","url":"/api/line-items?"}
{"durationMs":21,"ip":"::1","level":"info","message":"HTTP request","method":"GET","status":304,"timestamp":"2026-04-28T06:08:23.039Z","url":"/api/projects"}
{"durationMs":1,"ip":"::1","level":"info","message":"HTTP request","method":"GET","status":304,"timestamp":"2026-04-28T06:08:23.041Z","url":"/api/projects"}
{"durationMs":226,"ip":"::1","level":"info","message":"HTTP request","method":"GET","status":304,"timestamp":"2026-04-28T06:22:36.088Z","url":"/api/users"}
{"durationMs":3,"ip":"::1","level":"info","message":"HTTP request","method":"GET","status":304,"timestamp":"2026-04-28T06:22:36.094Z","url":"/api/users"}
{"level":"info","message":"Server running on http://localhost:4000","timestamp":"2026-04-28T06:23:47.353Z"}
{"level":"info","message":"Server running on http://localhost:4000","timestamp":"2026-04-28T06:24:32.084Z"}
